<?xml version="1.0" encoding="UTF-8"?>
<!-- Generated by org.testng.reporters.JUnitXMLReporter -->
<testsuite ignored="15" hostname="DESKTOP-H3LN0IJ" failures="1" tests="2" name="GRP-init8,init2" time="75.13" errors="0" timestamp="2023-02-09T12:18:09 CST">
  <testcase classname="com.pom.qa.testcases.UpdatepasswrdPageTest" name="updatefieldsTest" time="0.0">
    <failure type="java.lang.RuntimeException" message="java.lang.NoSuchMethodError: &amp;apos;void org.apache.xmlbeans.XmlOptions.put(java.lang.Object)&amp;apos;">
      <![CDATA[java.lang.RuntimeException: java.lang.NoSuchMethodError: 'void org.apache.xmlbeans.XmlOptions.put(java.lang.Object)'
at org.testng.internal.invokers.MethodInvocationHelper.invokeMethodNoCheckedException(MethodInvocationHelper.java:57)
at org.testng.internal.invokers.MethodInvocationHelper.invokeDataProvider(MethodInvocationHelper.java:157)
at org.testng.internal.Parameters.handleParameters(Parameters.java:803)
at org.testng.internal.Parameters.handleParameters(Parameters.java:728)
at org.testng.internal.invokers.ParameterHandler.handleParameters(ParameterHandler.java:72)
at org.testng.internal.invokers.ParameterHandler.createParameters(ParameterHandler.java:51)
at org.testng.internal.invokers.TestInvoker$MethodInvocationAgent.invoke(TestInvoker.java:924)
at org.testng.internal.invokers.TestInvoker.invokeTestMethods(TestInvoker.java:194)
at org.testng.internal.invokers.TestMethodWorker.invokeTestMethods(TestMethodWorker.java:148)
at org.testng.internal.invokers.TestMethodWorker.run(TestMethodWorker.java:128)
at java.base/java.util.ArrayList.forEach(ArrayList.java:1511)
at org.testng.TestRunner.privateRun(TestRunner.java:829)
at org.testng.TestRunner.run(TestRunner.java:602)
at org.testng.SuiteRunner.runTest(SuiteRunner.java:437)
at org.testng.SuiteRunner.runSequentially(SuiteRunner.java:431)
at org.testng.SuiteRunner.privateRun(SuiteRunner.java:391)
at org.testng.SuiteRunner.run(SuiteRunner.java:330)
at org.testng.SuiteRunnerWorker.runSuite(SuiteRunnerWorker.java:52)
at org.testng.SuiteRunnerWorker.run(SuiteRunnerWorker.java:95)
at org.testng.TestNG.runSuitesSequentially(TestNG.java:1256)
at org.testng.TestNG.runSuitesLocally(TestNG.java:1176)
at org.testng.TestNG.runSuites(TestNG.java:1099)
at org.testng.TestNG.run(TestNG.java:1067)
at org.testng.remote.AbstractRemoteTestNG.run(AbstractRemoteTestNG.java:115)
at org.testng.remote.RemoteTestNG.initAndRun(RemoteTestNG.java:251)
at org.testng.remote.RemoteTestNG.main(RemoteTestNG.java:77)
Caused by: java.lang.NoSuchMethodError: 'void org.apache.xmlbeans.XmlOptions.put(java.lang.Object)'
at org.apache.poi.xssf.model.SharedStringsTable.<clinit>(SharedStringsTable.java:88)
at java.base/jdk.internal.reflect.NativeConstructorAccessorImpl.newInstance0(Native Method)
at java.base/jdk.internal.reflect.NativeConstructorAccessorImpl.newInstance(NativeConstructorAccessorImpl.java:64)
at java.base/jdk.internal.reflect.DelegatingConstructorAccessorImpl.newInstance(DelegatingConstructorAccessorImpl.java:45)
at java.base/java.lang.reflect.Constructor.newInstanceWithCaller(Constructor.java:500)
at java.base/java.lang.reflect.Constructor.newInstance(Constructor.java:481)
at org.apache.poi.xssf.usermodel.XSSFFactory.createDocumentPart(XSSFFactory.java:60)
at org.apache.poi.POIXMLDocumentPart.read(POIXMLDocumentPart.java:403)
at org.apache.poi.POIXMLDocument.load(POIXMLDocument.java:155)
at org.apache.poi.xssf.usermodel.XSSFWorkbook.<init>(XSSFWorkbook.java:186)
at org.apache.poi.ss.usermodel.WorkbookFactory.create(WorkbookFactory.java:73)
at com.pom.qa.util.TestUtil.getTestData(TestUtil.java:39)
at com.pom.qa.testcases.UpdatepasswrdPageTest.getPOMTestData(UpdatepasswrdPageTest.java:164)
at java.base/jdk.internal.reflect.NativeMethodAccessorImpl.invoke0(Native Method)
at java.base/jdk.internal.reflect.NativeMethodAccessorImpl.invoke(NativeMethodAccessorImpl.java:64)
at java.base/jdk.internal.reflect.DelegatingMethodAccessorImpl.invoke(DelegatingMethodAccessorImpl.java:43)
at java.base/java.lang.reflect.Method.invoke(Method.java:564)
at org.testng.internal.invokers.MethodInvocationHelper.invokeMethod(MethodInvocationHelper.java:139)
at org.testng.internal.invokers.MethodInvocationHelper.invokeMethod(MethodInvocationHelper.java:84)
at org.testng.internal.invokers.MethodInvocationHelper.invokeMethodNoCheckedException(MethodInvocationHelper.java:53)
... 25 more
]]>
    </failure>
  </testcase> <!-- updatefieldsTest -->
  <testcase classname="com.pom.qa.testcases.HomePageTest" name="click_Sealy_Test" time="3.79"/>
  <testcase classname="com.pom.qa.testcases.HomePageTest" name="clickcreditcardslinkTest" time="0.0">
    <ignored/>
  </testcase> <!-- clickcreditcardslinkTest -->
  <testcase classname="com.pom.qa.testcases.UpdatepasswrdPageTest" name="VerifyoldpasswordfieldTest" time="0.0">
    <ignored/>
  </testcase> <!-- VerifyoldpasswordfieldTest -->
  <testcase classname="com.pom.qa.testcases.HomePageTest" name="pommyaccountTest" time="0.0">
    <ignored/>
  </testcase> <!-- pommyaccountTest -->
  <testcase classname="com.pom.qa.testcases.HomePageTest" name="clickprofileTest" time="0.0">
    <ignored/>
  </testcase> <!-- clickprofileTest -->
  <testcase classname="com.pom.qa.testcases.UpdatepasswrdPageTest" name="validateUpdatepasswordlabelTest" time="0.0">
    <ignored/>
  </testcase> <!-- validateUpdatepasswordlabelTest -->
  <testcase classname="com.pom.qa.testcases.HomePageTest" name="verifyHomePageTitleTest" time="0.0">
    <ignored/>
  </testcase> <!-- verifyHomePageTitleTest -->
  <testcase classname="com.pom.qa.testcases.UpdatepasswrdPageTest" name="pressupdatepassword_btn" time="0.0">
    <ignored/>
  </testcase> <!-- pressupdatepassword_btn -->
  <testcase classname="com.pom.qa.testcases.HomePageTest" name="clickupdatepasswordlinkTest" time="0.0">
    <ignored/>
  </testcase> <!-- clickupdatepasswordlinkTest -->
  <testcase classname="com.pom.qa.testcases.UpdatepasswrdPageTest" name="VerifyconfirmnewpasswordfieldTest" time="0.0">
    <ignored/>
  </testcase> <!-- VerifyconfirmnewpasswordfieldTest -->
  <testcase classname="com.pom.qa.testcases.HomePageTest" name="pomsignoutTest" time="0.0">
    <ignored/>
  </testcase> <!-- pomsignoutTest -->
  <testcase classname="com.pom.qa.testcases.HomePageTest" name="clickorderhistorylinkTest" time="0.0">
    <ignored/>
  </testcase> <!-- clickorderhistorylinkTest -->
  <testcase classname="com.pom.qa.testcases.UpdatepasswrdPageTest" name="presscancel_btn" time="0.0">
    <ignored/>
  </testcase> <!-- presscancel_btn -->
  <testcase classname="com.pom.qa.testcases.HomePageTest" name="clickaddresseslinkTest" time="0.0">
    <ignored/>
  </testcase> <!-- clickaddresseslinkTest -->
  <testcase classname="com.pom.qa.testcases.HomePageTest" name="clickwishlistlinkTest" time="0.0">
    <ignored/>
  </testcase> <!-- clickwishlistlinkTest -->
  <testcase classname="com.pom.qa.testcases.UpdatepasswrdPageTest" name="VerifynewpasswordfieldTest" time="0.0">
    <ignored/>
  </testcase> <!-- VerifynewpasswordfieldTest -->
</testsuite> <!-- GRP-init8,init2 -->
