<?xml version="1.0" encoding="UTF-8"?>
<!-- Generated by org.testng.reporters.JUnitXMLReporter -->
<testsuite ignored="14" hostname="DESKTOP-H3LN0IJ" failures="1" tests="3" name="GRP-init8,init3" time="78.803" errors="0" timestamp="2023-02-10T14:42:06 CST">
  <testcase classname="com.pom.qa.testcases.ProfilePageTest" name="updatefieldsTest" time="0.0">
    <failure type="java.lang.RuntimeException" message="java.lang.NullPointerException: Cannot invoke &amp;quot;org.apache.poi.ss.usermodel.Sheet.getLastRowNum()&amp;quot; because &amp;quot;com.pom.qa.util.TestUtil.sheet&amp;quot; is null">
      <![CDATA[java.lang.RuntimeException: java.lang.NullPointerException: Cannot invoke "org.apache.poi.ss.usermodel.Sheet.getLastRowNum()" because "com.pom.qa.util.TestUtil.sheet" is null
at org.testng.internal.invokers.MethodInvocationHelper.invokeMethodNoCheckedException(MethodInvocationHelper.java:57)
at org.testng.internal.invokers.MethodInvocationHelper.invokeDataProvider(MethodInvocationHelper.java:157)
at org.testng.internal.Parameters.handleParameters(Parameters.java:803)
at org.testng.internal.Parameters.handleParameters(Parameters.java:728)
at org.testng.internal.invokers.ParameterHandler.handleParameters(ParameterHandler.java:72)
at org.testng.internal.invokers.ParameterHandler.createParameters(ParameterHandler.java:51)
at org.testng.internal.invokers.TestInvoker$MethodInvocationAgent.invoke(TestInvoker.java:924)
at org.testng.internal.invokers.TestInvoker.invokeTestMethods(TestInvoker.java:194)
at org.testng.internal.invokers.TestMethodWorker.invokeTestMethods(TestMethodWorker.java:148)
at org.testng.internal.invokers.TestMethodWorker.run(TestMethodWorker.java:128)
at java.base/java.util.ArrayList.forEach(ArrayList.java:1511)
at org.testng.TestRunner.privateRun(TestRunner.java:829)
at org.testng.TestRunner.run(TestRunner.java:602)
at org.testng.SuiteRunner.runTest(SuiteRunner.java:437)
at org.testng.SuiteRunner.runSequentially(SuiteRunner.java:431)
at org.testng.SuiteRunner.privateRun(SuiteRunner.java:391)
at org.testng.SuiteRunner.run(SuiteRunner.java:330)
at org.testng.SuiteRunnerWorker.runSuite(SuiteRunnerWorker.java:52)
at org.testng.SuiteRunnerWorker.run(SuiteRunnerWorker.java:95)
at org.testng.TestNG.runSuitesSequentially(TestNG.java:1256)
at org.testng.TestNG.runSuitesLocally(TestNG.java:1176)
at org.testng.TestNG.runSuites(TestNG.java:1099)
at org.testng.TestNG.run(TestNG.java:1067)
at org.testng.remote.AbstractRemoteTestNG.run(AbstractRemoteTestNG.java:115)
at org.testng.remote.RemoteTestNG.initAndRun(RemoteTestNG.java:251)
at org.testng.remote.RemoteTestNG.main(RemoteTestNG.java:77)
Caused by: java.lang.NullPointerException: Cannot invoke "org.apache.poi.ss.usermodel.Sheet.getLastRowNum()" because "com.pom.qa.util.TestUtil.sheet" is null
at com.pom.qa.util.TestUtil.getTestData(TestUtil.java:47)
at com.pom.qa.testcases.ProfilePageTest.getPOMTestData(ProfilePageTest.java:178)
at java.base/jdk.internal.reflect.NativeMethodAccessorImpl.invoke0(Native Method)
at java.base/jdk.internal.reflect.NativeMethodAccessorImpl.invoke(NativeMethodAccessorImpl.java:64)
at java.base/jdk.internal.reflect.DelegatingMethodAccessorImpl.invoke(DelegatingMethodAccessorImpl.java:43)
at java.base/java.lang.reflect.Method.invoke(Method.java:564)
at org.testng.internal.invokers.MethodInvocationHelper.invokeMethod(MethodInvocationHelper.java:139)
at org.testng.internal.invokers.MethodInvocationHelper.invokeMethod(MethodInvocationHelper.java:84)
at org.testng.internal.invokers.MethodInvocationHelper.invokeMethodNoCheckedException(MethodInvocationHelper.java:53)
... 25 more
]]>
    </failure>
  </testcase> <!-- updatefieldsTest -->
  <testcase classname="com.pom.qa.testcases.UpdatepasswrdPageTest" name="updatefieldsTest" time="7.502"/>
  <testcase classname="com.pom.qa.testcases.UpdatepasswrdPageTest" name="updatefieldsTest" time="7.224"/>
  <testcase classname="com.pom.qa.testcases.ProfilePageTest" name="VerifyemailfieldTest" time="0.0">
    <ignored/>
  </testcase> <!-- VerifyemailfieldTest -->
  <testcase classname="com.pom.qa.testcases.UpdatepasswrdPageTest" name="VerifyoldpasswordfieldTest" time="0.0">
    <ignored/>
  </testcase> <!-- VerifyoldpasswordfieldTest -->
  <testcase classname="com.pom.qa.testcases.UpdatepasswrdPageTest" name="VerifyconfirmnewpasswordfieldTest" time="0.0">
    <ignored/>
  </testcase> <!-- VerifyconfirmnewpasswordfieldTest -->
  <testcase classname="com.pom.qa.testcases.ProfilePageTest" name="VerifyfnamefieldTest" time="0.0">
    <ignored/>
  </testcase> <!-- VerifyfnamefieldTest -->
  <testcase classname="com.pom.qa.testcases.UpdatepasswrdPageTest" name="validateUpdatepasswordlabelTest" time="0.0">
    <ignored/>
  </testcase> <!-- validateUpdatepasswordlabelTest -->
  <testcase classname="com.pom.qa.testcases.UpdatepasswrdPageTest" name="pressupdatepassword_btn" time="0.0">
    <ignored/>
  </testcase> <!-- pressupdatepassword_btn -->
  <testcase classname="com.pom.qa.testcases.ProfilePageTest" name="selectcheckbox_2" time="0.0">
    <ignored/>
  </testcase> <!-- selectcheckbox_2 -->
  <testcase classname="com.pom.qa.testcases.ProfilePageTest" name="presscancel_btn" time="0.0">
    <ignored/>
  </testcase> <!-- presscancel_btn -->
  <testcase classname="com.pom.qa.testcases.ProfilePageTest" name="presssavechanges_btn" time="0.0">
    <ignored/>
  </testcase> <!-- presssavechanges_btn -->
  <testcase classname="com.pom.qa.testcases.UpdatepasswrdPageTest" name="presscancel_btn" time="0.0">
    <ignored/>
  </testcase> <!-- presscancel_btn -->
  <testcase classname="com.pom.qa.testcases.ProfilePageTest" name="selectcheckbox_1" time="0.0">
    <ignored/>
  </testcase> <!-- selectcheckbox_1 -->
  <testcase classname="com.pom.qa.testcases.ProfilePageTest" name="validateProfilelabelTest" time="0.0">
    <ignored/>
  </testcase> <!-- validateProfilelabelTest -->
  <testcase classname="com.pom.qa.testcases.ProfilePageTest" name="VerifylnamefieldTest" time="0.0">
    <ignored/>
  </testcase> <!-- VerifylnamefieldTest -->
  <testcase classname="com.pom.qa.testcases.UpdatepasswrdPageTest" name="VerifynewpasswordfieldTest" time="0.0">
    <ignored/>
  </testcase> <!-- VerifynewpasswordfieldTest -->
</testsuite> <!-- GRP-init8,init3 -->
